<?xml version="1.0" encoding="UTF-8"?>
<beans xmlns="http://www.springframework.org/schema/beans"
       xmlns:xsi="http://www.w3.org/2001/XMLSchema-instance"
       xmlns:mvc="http://www.springframework.org/schema/mvc"
       xmlns:context="http://www.springframework.org/schema/context"
       xmlns:jdbc="http://www.springframework.org/schema/jdbc"
       xsi:schemaLocation="http://www.springframework.org/schema/mvc http://www.springframework.org/schema/mvc/spring-mvc-3.0.xsd http://www.springframework.org/schema/beans http://www.springframework.org/schema/beans/spring-beans-3.0.xsd http://www.springframework.org/schema/context  http://www.springframework.org/schema/context/spring-context-3.0.xsd http://www.springframework.org/schema/jdbc http://www.springframework.org/schema/jdbc/spring-jdbc-3.0.xsd">

<context:component-scan base-package="thanhtuu.springmvc"/>

<mvc:annotation-driven />

    <bean id="dataTestSource" class="org.springframework.jndi.JndiObjectFactoryBean">
        <property name="jndiName" value="java:comp/env/jdbc/db_evaluation2" />
        <property name="resourceRef" value="true"></property>
        <property name="proxyInterface" value="javax.sql.DataSource" />
        <property name="lookupOnStartup" value="true" />
    </bean>

<bean id="embeddedDataSource" class="org.springframework.jdbc.datasource.DriverManagerDataSource">
    <property name="driverClassName" value="org.hsqldb.jdbc.JDBCDriver"/>
    <property name="url" value="jdbc:hsqldb:mem:blog"/>
    <property name="username" value="root"/>
    <property name="password" value="1234"/>
</bean>

<jdbc:embedded-database id="dataSource" type="HSQL"/>
<jdbc:initialize-database data-source="embeddedDataSource">
    <jdbc:script location="classpath:db_evaluation2"/>
</jdbc:initialize-database>

</beans>
